

Implementation tool: Xilinx Vivado v.2025.2
Project:             gradient_convolution_rolling_buffer
Solution:            hls
Device target:       xc7z020-clg400-1
Report date:         Sun May 10 12:39:17 -0700 2026

#=== Post-Implementation Resource usage ===
SLICE:         1376
LUT:           3341
FF:            4822
DSP:              8
BRAM:             6
URAM:             0
LATCH:            0
SRL:            384
CLB:              0

#=== Final timing ===
CP required:                     10.000
CP achieved post-synthesis:      6.827
CP achieved post-implementation: 7.956
Timing met
