

================================================================
== Vitis HLS Report for 'gradient_convolution'
================================================================
* Date:           Sun May 10 12:21:58 2026

* Version:        2025.2 (Build 6295257 on Nov 14 2025)
* Project:        gradient_convolution_rolling_buffer
* Solution:       hls (Vivado IP Flow Target)
* Product family: zynq
* Target device:  xc7z020-clg400-1


================================================================
== Performance Estimates
================================================================
+ Timing: 
    * Summary: 
    +--------+----------+----------+------------+
    |  Clock |  Target  | Estimated| Uncertainty|
    +--------+----------+----------+------------+
    |ap_clk  |  10.00 ns|  7.300 ns|     2.70 ns|
    +--------+----------+----------+------------+

+ Latency: 
    * Summary: 
    +---------+---------+----------+----------+-----+-----+---------+
    |  Latency (cycles) |  Latency (absolute) |  Interval | Pipeline|
    |   min   |   max   |    min   |    max   | min | max |   Type  |
    +---------+---------+----------+----------+-----+-----+---------+
    |        ?|        ?|         ?|         ?|    ?|    ?|       no|
    +---------+---------+----------+----------+-----+-----+---------+

    + Detail: 
        * Instance: 
        +------------------------------------------------------+-------------------------------------------+---------+---------+-----------+-----------+-----+-----+-------------------+
        |                                                      |                                           |  Latency (cycles) |   Latency (absolute)  |  Interval |      Pipeline     |
        |                       Instance                       |                   Module                  |   min   |   max   |    min    |    max    | min | max |        Type       |
        +------------------------------------------------------+-------------------------------------------+---------+---------+-----------+-----------+-----+-----+-------------------+
        |grp_gradient_convolution_Pipeline_init_lb_x_fu_120    |gradient_convolution_Pipeline_init_lb_x    |        3|        ?|  30.000 ns|          ?|    0|    0|  loop pipeline stp|
        |grp_gradient_convolution_Pipeline_init_lb_x1_fu_126   |gradient_convolution_Pipeline_init_lb_x1   |        3|     1002|  30.000 ns|  10.020 us|    0|    0|  loop pipeline stp|
        |grp_gradient_convolution_Pipeline_for_y_for_x_fu_132  |gradient_convolution_Pipeline_for_y_for_x  |        ?|        ?|          ?|          ?|    0|    0|  loop pipeline stp|
        +------------------------------------------------------+-------------------------------------------+---------+---------+-----------+-----------+-----+-----+-------------------+

        * Loop: 
        N/A



================================================================
== Utilization Estimates
================================================================
* Summary: 
+-----------------+---------+-----+--------+-------+-----+
|       Name      | BRAM_18K| DSP |   FF   |  LUT  | URAM|
+-----------------+---------+-----+--------+-------+-----+
|DSP              |        -|    -|       -|      -|    -|
|Expression       |        -|    -|       0|    142|    -|
|FIFO             |        -|    -|       -|      -|    -|
|Instance         |        4|    8|    3957|   4562|    -|
|Memory           |        2|    -|       0|      0|    0|
|Multiplexer      |        -|    -|       0|    244|    -|
|Register         |        -|    -|     453|      -|    -|
+-----------------+---------+-----+--------+-------+-----+
|Total            |        6|    8|    4410|   4948|    0|
+-----------------+---------+-----+--------+-------+-----+
|Available        |      280|  220|  106400|  53200|    0|
+-----------------+---------+-----+--------+-------+-----+
|Utilization (%)  |        2|    3|       4|      9|    0|
+-----------------+---------+-----+--------+-------+-----+

+ Detail: 
    * Instance: 
    +------------------------------------------------------+-------------------------------------------+---------+----+------+------+-----+
    |                       Instance                       |                   Module                  | BRAM_18K| DSP|  FF  |  LUT | URAM|
    +------------------------------------------------------+-------------------------------------------+---------+----+------+------+-----+
    |CTRL_s_axi_U                                          |CTRL_s_axi                                 |        0|   0|   322|   552|    0|
    |gmem0_m_axi_U                                         |gmem0_m_axi                                |        2|   0|   711|   782|    0|
    |gmem1_m_axi_U                                         |gmem1_m_axi                                |        1|   0|   692|   748|    0|
    |gmem2_m_axi_U                                         |gmem2_m_axi                                |        1|   0|   692|   748|    0|
    |grp_gradient_convolution_Pipeline_for_y_for_x_fu_132  |gradient_convolution_Pipeline_for_y_for_x  |        0|   4|  1353|  1506|    0|
    |grp_gradient_convolution_Pipeline_init_lb_x_fu_120    |gradient_convolution_Pipeline_init_lb_x    |        0|   0|    23|    89|    0|
    |grp_gradient_convolution_Pipeline_init_lb_x1_fu_126   |gradient_convolution_Pipeline_init_lb_x1   |        0|   0|    23|    89|    0|
    |mul_31ns_31ns_62_2_1_U19                              |mul_31ns_31ns_62_2_1                       |        0|   4|   141|    48|    0|
    +------------------------------------------------------+-------------------------------------------+---------+----+------+------+-----+
    |Total                                                 |                                           |        4|   8|  3957|  4562|    0|
    +------------------------------------------------------+-------------------------------------------+---------+----+------+------+-----+

    * DSP: 
    N/A

    * Memory: 
    +--------------+------------------------+---------+---+----+-----+------+-----+------+-------------+
    |    Memory    |         Module         | BRAM_18K| FF| LUT| URAM| Words| Bits| Banks| W*Bits*Banks|
    +--------------+------------------------+---------+---+----+-----+------+-----+------+-------------+
    |line_buf_U    |line_buf_RAM_AUTO_1R1W  |        1|  0|   0|    0|  1000|    8|     1|         8000|
    |line_buf_1_U  |line_buf_RAM_AUTO_1R1W  |        1|  0|   0|    0|  1000|    8|     1|         8000|
    +--------------+------------------------+---------+---+----+-----+------+-----+------+-------------+
    |Total         |                        |        2|  0|   0|    0|  2000|   16|     2|        16000|
    +--------------+------------------------+---------+---+----+-----+------+-----+------+-------------+

    * FIFO: 
    N/A

    * Expression: 
    +---------------------------------+----------+----+---+----+------------+------------+
    |          Variable Name          | Operation| DSP| FF| LUT| Bitwidth P0| Bitwidth P1|
    +---------------------------------+----------+----+---+----+------------+------------+
    |empty_23_fu_174_p2               |      icmp|   0|  0|  39|          32|           1|
    |icmp_ln37_fu_163_p2              |      icmp|   0|  0|  39|          32|           1|
    |ap_block_state3_on_subcall_done  |        or|   0|  0|   2|           1|           1|
    |empty_fu_168_p3                  |    select|   0|  0|  31|           1|          31|
    |smax_fu_179_p3                   |    select|   0|  0|  31|           1|          31|
    +---------------------------------+----------+----+---+----+------------+------------+
    |Total                            |          |   0|  0| 142|          67|          65|
    +---------------------------------+----------+----+---+----+------------+------------+

    * Multiplexer: 
    +---------------------+----+-----------+-----+-----------+
    |         Name        | LUT| Input Size| Bits| Total Bits|
    +---------------------+----+-----------+-----+-----------+
    |ap_NS_fsm            |  42|          8|    1|          8|
    |gmem0_0_ARVALID      |   9|          2|    1|          2|
    |gmem0_0_RREADY       |   9|          2|    1|          2|
    |gmem1_0_AWVALID      |   9|          2|    1|          2|
    |gmem1_0_BREADY       |   9|          2|    1|          2|
    |gmem1_0_WVALID       |   9|          2|    1|          2|
    |gmem2_0_AWVALID      |   9|          2|    1|          2|
    |gmem2_0_BREADY       |   9|          2|    1|          2|
    |gmem2_0_WVALID       |   9|          2|    1|          2|
    |line_buf_1_address0  |  14|          3|   10|         30|
    |line_buf_1_ce0       |  14|          3|    1|          3|
    |line_buf_1_ce1       |   9|          2|    1|          2|
    |line_buf_1_d0        |  14|          3|    8|         24|
    |line_buf_1_we0       |  14|          3|    1|          3|
    |line_buf_address0    |  14|          3|   10|         30|
    |line_buf_ce0         |  14|          3|    1|          3|
    |line_buf_ce1         |   9|          2|    1|          2|
    |line_buf_d0          |  14|          3|    8|         24|
    |line_buf_we0         |  14|          3|    1|          3|
    +---------------------+----+-----------+-----+-----------+
    |Total                | 244|         52|   51|        148|
    +---------------------+----+-----------+-----+-----------+

    * Register: 
    +-------------------------------------------------------------------+----+----+-----+-----------+
    |                                Name                               | FF | LUT| Bits| Const Bits|
    +-------------------------------------------------------------------+----+----+-----+-----------+
    |ap_CS_fsm                                                          |   7|   0|    7|          0|
    |cols_read_reg_194                                                  |  32|   0|   32|          0|
    |empty_reg_238                                                      |  31|   0|   31|          0|
    |grp_gradient_convolution_Pipeline_for_y_for_x_fu_132_ap_start_reg  |   1|   0|    1|          0|
    |grp_gradient_convolution_Pipeline_init_lb_x1_fu_126_ap_start_reg   |   1|   0|    1|          0|
    |grp_gradient_convolution_Pipeline_init_lb_x_fu_120_ap_start_reg    |   1|   0|    1|          0|
    |gx_read_reg_211                                                    |  64|   0|   64|          0|
    |gy_read_reg_206                                                    |  64|   0|   64|          0|
    |icmp_ln37_reg_233                                                  |   1|   0|    1|          0|
    |image_r_read_reg_216                                               |  64|   0|   64|          0|
    |mul_ln58_reg_259                                                   |  62|   0|   62|          0|
    |rows_read_reg_201                                                  |  32|   0|   32|          0|
    |smax_reg_244                                                       |  31|   0|   31|          0|
    |trunc_ln7_1_reg_228                                                |  31|   0|   31|          0|
    |trunc_ln7_reg_221                                                  |  31|   0|   31|          0|
    +-------------------------------------------------------------------+----+----+-----+-----------+
    |Total                                                              | 453|   0|  453|          0|
    +-------------------------------------------------------------------+----+----+-----+-----------+



================================================================
== Interface
================================================================
* Summary: 
+----------------------+-----+-----+------------+----------------------+--------------+
|       RTL Ports      | Dir | Bits|  Protocol  |     Source Object    |    C Type    |
+----------------------+-----+-----+------------+----------------------+--------------+
|s_axi_CTRL_AWVALID    |   in|    1|       s_axi|                  CTRL|        scalar|
|s_axi_CTRL_AWREADY    |  out|    1|       s_axi|                  CTRL|        scalar|
|s_axi_CTRL_AWADDR     |   in|    7|       s_axi|                  CTRL|        scalar|
|s_axi_CTRL_WVALID     |   in|    1|       s_axi|                  CTRL|        scalar|
|s_axi_CTRL_WREADY     |  out|    1|       s_axi|                  CTRL|        scalar|
|s_axi_CTRL_WDATA      |   in|   32|       s_axi|                  CTRL|        scalar|
|s_axi_CTRL_WSTRB      |   in|    4|       s_axi|                  CTRL|        scalar|
|s_axi_CTRL_ARVALID    |   in|    1|       s_axi|                  CTRL|        scalar|
|s_axi_CTRL_ARREADY    |  out|    1|       s_axi|                  CTRL|        scalar|
|s_axi_CTRL_ARADDR     |   in|    7|       s_axi|                  CTRL|        scalar|
|s_axi_CTRL_RVALID     |  out|    1|       s_axi|                  CTRL|        scalar|
|s_axi_CTRL_RREADY     |   in|    1|       s_axi|                  CTRL|        scalar|
|s_axi_CTRL_RDATA      |  out|   32|       s_axi|                  CTRL|        scalar|
|s_axi_CTRL_RRESP      |  out|    2|       s_axi|                  CTRL|        scalar|
|s_axi_CTRL_BVALID     |  out|    1|       s_axi|                  CTRL|        scalar|
|s_axi_CTRL_BREADY     |   in|    1|       s_axi|                  CTRL|        scalar|
|s_axi_CTRL_BRESP      |  out|    2|       s_axi|                  CTRL|        scalar|
|ap_clk                |   in|    1|  ap_ctrl_hs|  gradient_convolution|  return value|
|ap_rst_n              |   in|    1|  ap_ctrl_hs|  gradient_convolution|  return value|
|interrupt             |  out|    1|  ap_ctrl_hs|  gradient_convolution|  return value|
|m_axi_gmem0_AWVALID   |  out|    1|       m_axi|                 gmem0|       pointer|
|m_axi_gmem0_AWREADY   |   in|    1|       m_axi|                 gmem0|       pointer|
|m_axi_gmem0_AWADDR    |  out|   64|       m_axi|                 gmem0|       pointer|
|m_axi_gmem0_AWID      |  out|    1|       m_axi|                 gmem0|       pointer|
|m_axi_gmem0_AWLEN     |  out|    8|       m_axi|                 gmem0|       pointer|
|m_axi_gmem0_AWSIZE    |  out|    3|       m_axi|                 gmem0|       pointer|
|m_axi_gmem0_AWBURST   |  out|    2|       m_axi|                 gmem0|       pointer|
|m_axi_gmem0_AWLOCK    |  out|    2|       m_axi|                 gmem0|       pointer|
|m_axi_gmem0_AWCACHE   |  out|    4|       m_axi|                 gmem0|       pointer|
|m_axi_gmem0_AWPROT    |  out|    3|       m_axi|                 gmem0|       pointer|
|m_axi_gmem0_AWQOS     |  out|    4|       m_axi|                 gmem0|       pointer|
|m_axi_gmem0_AWREGION  |  out|    4|       m_axi|                 gmem0|       pointer|
|m_axi_gmem0_AWUSER    |  out|    1|       m_axi|                 gmem0|       pointer|
|m_axi_gmem0_WVALID    |  out|    1|       m_axi|                 gmem0|       pointer|
|m_axi_gmem0_WREADY    |   in|    1|       m_axi|                 gmem0|       pointer|
|m_axi_gmem0_WDATA     |  out|   32|       m_axi|                 gmem0|       pointer|
|m_axi_gmem0_WSTRB     |  out|    4|       m_axi|                 gmem0|       pointer|
|m_axi_gmem0_WLAST     |  out|    1|       m_axi|                 gmem0|       pointer|
|m_axi_gmem0_WID       |  out|    1|       m_axi|                 gmem0|       pointer|
|m_axi_gmem0_WUSER     |  out|    1|       m_axi|                 gmem0|       pointer|
|m_axi_gmem0_ARVALID   |  out|    1|       m_axi|                 gmem0|       pointer|
|m_axi_gmem0_ARREADY   |   in|    1|       m_axi|                 gmem0|       pointer|
|m_axi_gmem0_ARADDR    |  out|   64|       m_axi|                 gmem0|       pointer|
|m_axi_gmem0_ARID      |  out|    1|       m_axi|                 gmem0|       pointer|
|m_axi_gmem0_ARLEN     |  out|    8|       m_axi|                 gmem0|       pointer|
|m_axi_gmem0_ARSIZE    |  out|    3|       m_axi|                 gmem0|       pointer|
|m_axi_gmem0_ARBURST   |  out|    2|       m_axi|                 gmem0|       pointer|
|m_axi_gmem0_ARLOCK    |  out|    2|       m_axi|                 gmem0|       pointer|
|m_axi_gmem0_ARCACHE   |  out|    4|       m_axi|                 gmem0|       pointer|
|m_axi_gmem0_ARPROT    |  out|    3|       m_axi|                 gmem0|       pointer|
|m_axi_gmem0_ARQOS     |  out|    4|       m_axi|                 gmem0|       pointer|
|m_axi_gmem0_ARREGION  |  out|    4|       m_axi|                 gmem0|       pointer|
|m_axi_gmem0_ARUSER    |  out|    1|       m_axi|                 gmem0|       pointer|
|m_axi_gmem0_RVALID    |   in|    1|       m_axi|                 gmem0|       pointer|
|m_axi_gmem0_RREADY    |  out|    1|       m_axi|                 gmem0|       pointer|
|m_axi_gmem0_RDATA     |   in|   32|       m_axi|                 gmem0|       pointer|
|m_axi_gmem0_RLAST     |   in|    1|       m_axi|                 gmem0|       pointer|
|m_axi_gmem0_RID       |   in|    1|       m_axi|                 gmem0|       pointer|
|m_axi_gmem0_RUSER     |   in|    1|       m_axi|                 gmem0|       pointer|
|m_axi_gmem0_RRESP     |   in|    2|       m_axi|                 gmem0|       pointer|
|m_axi_gmem0_BVALID    |   in|    1|       m_axi|                 gmem0|       pointer|
|m_axi_gmem0_BREADY    |  out|    1|       m_axi|                 gmem0|       pointer|
|m_axi_gmem0_BRESP     |   in|    2|       m_axi|                 gmem0|       pointer|
|m_axi_gmem0_BID       |   in|    1|       m_axi|                 gmem0|       pointer|
|m_axi_gmem0_BUSER     |   in|    1|       m_axi|                 gmem0|       pointer|
|m_axi_gmem1_AWVALID   |  out|    1|       m_axi|                 gmem1|       pointer|
|m_axi_gmem1_AWREADY   |   in|    1|       m_axi|                 gmem1|       pointer|
|m_axi_gmem1_AWADDR    |  out|   64|       m_axi|                 gmem1|       pointer|
|m_axi_gmem1_AWID      |  out|    1|       m_axi|                 gmem1|       pointer|
|m_axi_gmem1_AWLEN     |  out|    8|       m_axi|                 gmem1|       pointer|
|m_axi_gmem1_AWSIZE    |  out|    3|       m_axi|                 gmem1|       pointer|
|m_axi_gmem1_AWBURST   |  out|    2|       m_axi|                 gmem1|       pointer|
|m_axi_gmem1_AWLOCK    |  out|    2|       m_axi|                 gmem1|       pointer|
|m_axi_gmem1_AWCACHE   |  out|    4|       m_axi|                 gmem1|       pointer|
|m_axi_gmem1_AWPROT    |  out|    3|       m_axi|                 gmem1|       pointer|
|m_axi_gmem1_AWQOS     |  out|    4|       m_axi|                 gmem1|       pointer|
|m_axi_gmem1_AWREGION  |  out|    4|       m_axi|                 gmem1|       pointer|
|m_axi_gmem1_AWUSER    |  out|    1|       m_axi|                 gmem1|       pointer|
|m_axi_gmem1_WVALID    |  out|    1|       m_axi|                 gmem1|       pointer|
|m_axi_gmem1_WREADY    |   in|    1|       m_axi|                 gmem1|       pointer|
|m_axi_gmem1_WDATA     |  out|   32|       m_axi|                 gmem1|       pointer|
|m_axi_gmem1_WSTRB     |  out|    4|       m_axi|                 gmem1|       pointer|
|m_axi_gmem1_WLAST     |  out|    1|       m_axi|                 gmem1|       pointer|
|m_axi_gmem1_WID       |  out|    1|       m_axi|                 gmem1|       pointer|
|m_axi_gmem1_WUSER     |  out|    1|       m_axi|                 gmem1|       pointer|
|m_axi_gmem1_ARVALID   |  out|    1|       m_axi|                 gmem1|       pointer|
|m_axi_gmem1_ARREADY   |   in|    1|       m_axi|                 gmem1|       pointer|
|m_axi_gmem1_ARADDR    |  out|   64|       m_axi|                 gmem1|       pointer|
|m_axi_gmem1_ARID      |  out|    1|       m_axi|                 gmem1|       pointer|
|m_axi_gmem1_ARLEN     |  out|    8|       m_axi|                 gmem1|       pointer|
|m_axi_gmem1_ARSIZE    |  out|    3|       m_axi|                 gmem1|       pointer|
|m_axi_gmem1_ARBURST   |  out|    2|       m_axi|                 gmem1|       pointer|
|m_axi_gmem1_ARLOCK    |  out|    2|       m_axi|                 gmem1|       pointer|
|m_axi_gmem1_ARCACHE   |  out|    4|       m_axi|                 gmem1|       pointer|
|m_axi_gmem1_ARPROT    |  out|    3|       m_axi|                 gmem1|       pointer|
|m_axi_gmem1_ARQOS     |  out|    4|       m_axi|                 gmem1|       pointer|
|m_axi_gmem1_ARREGION  |  out|    4|       m_axi|                 gmem1|       pointer|
|m_axi_gmem1_ARUSER    |  out|    1|       m_axi|                 gmem1|       pointer|
|m_axi_gmem1_RVALID    |   in|    1|       m_axi|                 gmem1|       pointer|
|m_axi_gmem1_RREADY    |  out|    1|       m_axi|                 gmem1|       pointer|
|m_axi_gmem1_RDATA     |   in|   32|       m_axi|                 gmem1|       pointer|
|m_axi_gmem1_RLAST     |   in|    1|       m_axi|                 gmem1|       pointer|
|m_axi_gmem1_RID       |   in|    1|       m_axi|                 gmem1|       pointer|
|m_axi_gmem1_RUSER     |   in|    1|       m_axi|                 gmem1|       pointer|
|m_axi_gmem1_RRESP     |   in|    2|       m_axi|                 gmem1|       pointer|
|m_axi_gmem1_BVALID    |   in|    1|       m_axi|                 gmem1|       pointer|
|m_axi_gmem1_BREADY    |  out|    1|       m_axi|                 gmem1|       pointer|
|m_axi_gmem1_BRESP     |   in|    2|       m_axi|                 gmem1|       pointer|
|m_axi_gmem1_BID       |   in|    1|       m_axi|                 gmem1|       pointer|
|m_axi_gmem1_BUSER     |   in|    1|       m_axi|                 gmem1|       pointer|
|m_axi_gmem2_AWVALID   |  out|    1|       m_axi|                 gmem2|       pointer|
|m_axi_gmem2_AWREADY   |   in|    1|       m_axi|                 gmem2|       pointer|
|m_axi_gmem2_AWADDR    |  out|   64|       m_axi|                 gmem2|       pointer|
|m_axi_gmem2_AWID      |  out|    1|       m_axi|                 gmem2|       pointer|
|m_axi_gmem2_AWLEN     |  out|    8|       m_axi|                 gmem2|       pointer|
|m_axi_gmem2_AWSIZE    |  out|    3|       m_axi|                 gmem2|       pointer|
|m_axi_gmem2_AWBURST   |  out|    2|       m_axi|                 gmem2|       pointer|
|m_axi_gmem2_AWLOCK    |  out|    2|       m_axi|                 gmem2|       pointer|
|m_axi_gmem2_AWCACHE   |  out|    4|       m_axi|                 gmem2|       pointer|
|m_axi_gmem2_AWPROT    |  out|    3|       m_axi|                 gmem2|       pointer|
|m_axi_gmem2_AWQOS     |  out|    4|       m_axi|                 gmem2|       pointer|
|m_axi_gmem2_AWREGION  |  out|    4|       m_axi|                 gmem2|       pointer|
|m_axi_gmem2_AWUSER    |  out|    1|       m_axi|                 gmem2|       pointer|
|m_axi_gmem2_WVALID    |  out|    1|       m_axi|                 gmem2|       pointer|
|m_axi_gmem2_WREADY    |   in|    1|       m_axi|                 gmem2|       pointer|
|m_axi_gmem2_WDATA     |  out|   32|       m_axi|                 gmem2|       pointer|
|m_axi_gmem2_WSTRB     |  out|    4|       m_axi|                 gmem2|       pointer|
|m_axi_gmem2_WLAST     |  out|    1|       m_axi|                 gmem2|       pointer|
|m_axi_gmem2_WID       |  out|    1|       m_axi|                 gmem2|       pointer|
|m_axi_gmem2_WUSER     |  out|    1|       m_axi|                 gmem2|       pointer|
|m_axi_gmem2_ARVALID   |  out|    1|       m_axi|                 gmem2|       pointer|
|m_axi_gmem2_ARREADY   |   in|    1|       m_axi|                 gmem2|       pointer|
|m_axi_gmem2_ARADDR    |  out|   64|       m_axi|                 gmem2|       pointer|
|m_axi_gmem2_ARID      |  out|    1|       m_axi|                 gmem2|       pointer|
|m_axi_gmem2_ARLEN     |  out|    8|       m_axi|                 gmem2|       pointer|
|m_axi_gmem2_ARSIZE    |  out|    3|       m_axi|                 gmem2|       pointer|
|m_axi_gmem2_ARBURST   |  out|    2|       m_axi|                 gmem2|       pointer|
|m_axi_gmem2_ARLOCK    |  out|    2|       m_axi|                 gmem2|       pointer|
|m_axi_gmem2_ARCACHE   |  out|    4|       m_axi|                 gmem2|       pointer|
|m_axi_gmem2_ARPROT    |  out|    3|       m_axi|                 gmem2|       pointer|
|m_axi_gmem2_ARQOS     |  out|    4|       m_axi|                 gmem2|       pointer|
|m_axi_gmem2_ARREGION  |  out|    4|       m_axi|                 gmem2|       pointer|
|m_axi_gmem2_ARUSER    |  out|    1|       m_axi|                 gmem2|       pointer|
|m_axi_gmem2_RVALID    |   in|    1|       m_axi|                 gmem2|       pointer|
|m_axi_gmem2_RREADY    |  out|    1|       m_axi|                 gmem2|       pointer|
|m_axi_gmem2_RDATA     |   in|   32|       m_axi|                 gmem2|       pointer|
|m_axi_gmem2_RLAST     |   in|    1|       m_axi|                 gmem2|       pointer|
|m_axi_gmem2_RID       |   in|    1|       m_axi|                 gmem2|       pointer|
|m_axi_gmem2_RUSER     |   in|    1|       m_axi|                 gmem2|       pointer|
|m_axi_gmem2_RRESP     |   in|    2|       m_axi|                 gmem2|       pointer|
|m_axi_gmem2_BVALID    |   in|    1|       m_axi|                 gmem2|       pointer|
|m_axi_gmem2_BREADY    |  out|    1|       m_axi|                 gmem2|       pointer|
|m_axi_gmem2_BRESP     |   in|    2|       m_axi|                 gmem2|       pointer|
|m_axi_gmem2_BID       |   in|    1|       m_axi|                 gmem2|       pointer|
|m_axi_gmem2_BUSER     |   in|    1|       m_axi|                 gmem2|       pointer|
+----------------------+-----+-----+------------+----------------------+--------------+

